C:\USERS\418\DESKTOP\새 폴더 (3)\SEQUENCE\SOLUTION\DEBUG\SOLUTION.PCH
C:\USERS\418\DESKTOP\새 폴더 (3)\SEQUENCE\SOLUTION\DEBUG\STDAFX.OBJ
C:\USERS\418\DESKTOP\새 폴더 (3)\SEQUENCE\SOLUTION\DEBUG\VC110.PDB
C:\USERS\418\DESKTOP\새 폴더 (3)\SEQUENCE\SOLUTION\DEBUG\PARENT.OBJ
C:\USERS\418\DESKTOP\새 폴더 (3)\SEQUENCE\SOLUTION\DEBUG\TITLE.OBJ
C:\USERS\418\DESKTOP\새 폴더 (3)\SEQUENCE\SOLUTION\DEBUG\SOLUTION.OBJ
C:\USERS\418\DESKTOP\새 폴더 (3)\SEQUENCE\DEBUG\SOLUTION.ILK
C:\USERS\418\DESKTOP\새 폴더 (3)\SEQUENCE\DEBUG\SOLUTION.EXE
C:\USERS\418\DESKTOP\새 폴더 (3)\SEQUENCE\DEBUG\SOLUTION.PDB
C:\Users\418\Desktop\새 폴더 (3)\Sequence\Solution\Debug\Parent.obj
C:\Users\418\Desktop\새 폴더 (3)\Sequence\Solution\Debug\Solution.obj
C:\Users\418\Desktop\새 폴더 (3)\Sequence\Solution\Debug\stdafx.obj
C:\Users\418\Desktop\새 폴더 (3)\Sequence\Solution\Debug\Title.obj
C:\Users\418\Desktop\새 폴더 (3)\Sequence\Solution\Debug\cl.command.1.tlog
C:\Users\418\Desktop\새 폴더 (3)\Sequence\Solution\Debug\CL.read.1.tlog
C:\Users\418\Desktop\새 폴더 (3)\Sequence\Solution\Debug\CL.write.1.tlog
C:\Users\418\Desktop\새 폴더 (3)\Sequence\Solution\Debug\link-cvtres.read.1.tlog
C:\Users\418\Desktop\새 폴더 (3)\Sequence\Solution\Debug\link-cvtres.write.1.tlog
C:\Users\418\Desktop\새 폴더 (3)\Sequence\Solution\Debug\link-rc.read.1.tlog
C:\Users\418\Desktop\새 폴더 (3)\Sequence\Solution\Debug\link-rc.write.1.tlog
C:\Users\418\Desktop\새 폴더 (3)\Sequence\Solution\Debug\link.command.1.tlog
C:\Users\418\Desktop\새 폴더 (3)\Sequence\Solution\Debug\link.read.1.tlog
C:\Users\418\Desktop\새 폴더 (3)\Sequence\Solution\Debug\link.write.1.tlog
C:\Users\418\Desktop\새 폴더 (3)\Sequence\Solution\Debug\Solution.pch
C:\Users\418\Desktop\새 폴더 (3)\Sequence\Solution\Debug\vc110.idb
C:\Users\418\Desktop\새 폴더 (3)\Sequence\Solution\Debug\vc110.pdb
C:\Users\418\Desktop\새 폴더 (3)\Sequence\Debug\Solution.pdb
C:\Users\418\Desktop\새 폴더 (3)\Sequence\Debug\Solution.exe
C:\Users\418\Desktop\새 폴더 (3)\Sequence\Debug\Solution.ilk
